<?xml version="1.0" encoding="UTF-8"?>
<!-- Generated by org.testng.reporters.JUnitReportReporter -->
<testsuite hostname="DESKTOP-VS1O08N" failures="0" tests="3" name="lab.Demo.TestRunner" time="0.268" errors="0" timestamp="2023-03-27T00:09:07 IST" skipped="0">
  <testcase classname="lab.Demo.TestRunner" name="runScenario" time="0.021"/>
  <system-out/>
  <testcase classname="lab.Demo.TestRunner" name="runScenario" time="0.234"/>
  <system-out/>
  <testcase classname="lab.Demo.TestRunner" name="runScenario" time="0.013"/>
  <system-out/>
</testsuite> <!-- lab.Demo.TestRunner -->
