<?xml version="1.0" encoding="UTF-8"?>
<!-- Generated by org.testng.reporters.JUnitReportReporter -->
<testsuite hostname="DESKTOP-VS1O08N" failures="0" tests="1" name="selcucmber.Demo.TestRunner" time="8.040" errors="0" timestamp="2023-03-27T03:06:57 IST" skipped="0">
  <testcase classname="selcucmber.Demo.TestRunner" name="runScenario" time="8.040"/>
  <system-out/>
</testsuite> <!-- selcucmber.Demo.TestRunner -->
